<?xml version="1.0" encoding="UTF-8"?>
<!-- Generated by org.testng.reporters.JUnitReportReporter -->
<testsuite hostname="LAPTOP-MBS5R2B9" failures="0" tests="1" name="com.example.testing.Day7_1" time="10.159" errors="0" timestamp="3 Jun 2023 07:01:48 GMT">
  <testcase classname="com.example.testing.Day7_1" name="verifyTitle" time="10.159"/>
</testsuite> <!-- com.example.testing.Day7_1 -->
