<?xml version="1.0" encoding="UTF-8"?>
<!-- Generated by org.testng.reporters.JUnitReportReporter -->
<testsuite hostname="LAPTOP-MBS5R2B9" failures="0" tests="4" name="com.example.testing.Calculator" time="0.026" errors="0" timestamp="3 Jun 2023 07:02:04 GMT">
  <testcase classname="com.example.testing.Calculator" name="add" time="0.021"/>
  <testcase classname="com.example.testing.Calculator" name="divide" time="0.001"/>
  <testcase classname="com.example.testing.Calculator" name="subtract" time="0.003"/>
  <testcase classname="com.example.testing.Calculator" name="multiply" time="0.001"/>
</testsuite> <!-- com.example.testing.Calculator -->
