<?xml version="1.0" encoding="UTF-8"?>
<!-- Generated by org.testng.reporters.JUnitReportReporter -->
<testsuite hostname="LAPTOP-MBS5R2B9" failures="0" tests="2" name="com.example.testing.Day7_4" time="26.214" errors="0" timestamp="3 Jun 2023 07:03:52 GMT">
  <testcase classname="com.example.testing.Day7_4" name="logout" time="3.055"/>
  <testcase classname="com.example.testing.Day7_4" name="login" time="23.159"/>
</testsuite> <!-- com.example.testing.Day7_4 -->
